[debug] [2025-04-07T02:31:24.824Z] ----------------------------------------------------------------------
[debug] [2025-04-07T02:31:24.826Z] Command:       /opt/homebrew/Cellar/node/23.10.0_1/bin/node /opt/homebrew/bin/firebase apphosting:backends:create --project bugsnacks2 --location us-central1
[debug] [2025-04-07T02:31:24.826Z] CLI Version:   13.22.0
[debug] [2025-04-07T02:31:24.826Z] Platform:      darwin
[debug] [2025-04-07T02:31:24.826Z] Node Version:  v23.10.0
[debug] [2025-04-07T02:31:24.826Z] Time:          Sun Apr 06 2025 21:31:24 GMT-0500 (Central Daylight Time)
[debug] [2025-04-07T02:31:24.826Z] ----------------------------------------------------------------------
[debug] 
[debug] [2025-04-07T02:31:24.830Z] Checked if tokens are valid: true, expires at: 1743995618906
[debug] [2025-04-07T02:31:24.830Z] Checked if tokens are valid: true, expires at: 1743995618906
[debug] [2025-04-07T02:31:24.830Z] >>> [apiv2][query] GET https://serviceusage.googleapis.com/v1/projects/bugsnacks2/services/firebaseapphosting.googleapis.com [none]
[debug] [2025-04-07T02:31:24.830Z] >>> [apiv2][(partial)header] GET https://serviceusage.googleapis.com/v1/projects/bugsnacks2/services/firebaseapphosting.googleapis.com x-goog-quota-user=projects/bugsnacks2
[debug] [2025-04-07T02:31:25.171Z] <<< [apiv2][status] GET https://serviceusage.googleapis.com/v1/projects/bugsnacks2/services/firebaseapphosting.googleapis.com 200
[debug] [2025-04-07T02:31:25.171Z] <<< [apiv2][body] GET https://serviceusage.googleapis.com/v1/projects/bugsnacks2/services/firebaseapphosting.googleapis.com [omitted]
[debug] [2025-04-07T02:31:25.172Z] Checked if tokens are valid: true, expires at: 1743995618906
[debug] [2025-04-07T02:31:25.172Z] Checked if tokens are valid: true, expires at: 1743995618906
[debug] [2025-04-07T02:31:25.172Z] >>> [apiv2][query] GET https://mobilesdk-pa.googleapis.com/v1/accessmanagement/tos:getStatus [none]
[debug] [2025-04-07T02:31:25.322Z] <<< [apiv2][status] GET https://mobilesdk-pa.googleapis.com/v1/accessmanagement/tos:getStatus 200
[debug] [2025-04-07T02:31:25.323Z] <<< [apiv2][body] GET https://mobilesdk-pa.googleapis.com/v1/accessmanagement/tos:getStatus {"overallStatus":"ACCEPTED","uTosStatus":{"tos":{"id":"firebase","tosId":"FIREBASE_UNIVERSAL"},"status":"ACCEPTED","acceptedVersion":6},"childTosStatus":[{"tos":{"id":"cloud","tosId":"CLOUD_PLATFORM"},"status":"ACCEPTED","acceptedVersion":36},{"tos":{"id":"firebase_b2b","tosId":"FIREBASE_B2B"},"status":"ACCEPTED","acceptedVersion":1},{"tos":{"id":"universal","tosId":"GOOGLE_APIS"},"status":"ACCEPTED","acceptedVersion":6}],"termsUrl":"https://firebase.google.com/terms","perServiceStatus":[{"tosId":"APP_CHECK","serviceStatus":{"tos":{"id":"app_check","tosId":"APP_CHECK"},"status":"ACCEPTED","acceptedVersion":3}},{"tosId":"APP_HOSTING_TOS","serviceStatus":{"tos":{"id":"app_hosting","tosId":"APP_HOSTING_TOS"},"status":"ACCEPTED","acceptedVersion":3}},{"tosId":"FIREBASE_DATA_CONNECT","serviceStatus":{"tos":{"id":"data_connect","tosId":"FIREBASE_DATA_CONNECT"},"status":"ACCEPTED","acceptedVersion":3}},{"tosId":"CORE_APPS","serviceStatus":{"tos":{"id":"core_apps","tosId":"CORE_APPS"},"status":"ACCEPTED","acceptedVersion":1}},{"tosId":"VERTEX_AI_IN_FIREBASE","serviceStatus":{"tos":{"id":"vertex_ai_in_firebase","tosId":"VERTEX_AI_IN_FIREBASE"},"status":"ACCEPTED","acceptedVersion":2}},{"tosId":"FIREBASE_CRASHLYTICS_APP_DISTRIBUTION","serviceStatus":{"tos":{"id":"firebase_crashlytics_app_distribution","tosId":"FIREBASE_CRASHLYTICS_APP_DISTRIBUTION"},"status":"ACCEPTED","acceptedVersion":4}},{"tosId":"GENERATIVE_LANGUAGE","serviceStatus":{"tos":{"id":"generative-language-api","tosId":"GENERATIVE_LANGUAGE"},"status":"NEVER_ACCEPTED","acceptedVersion":3}}]}
[debug] [2025-04-07T02:31:25.324Z] Checked if tokens are valid: true, expires at: 1743995618906
[debug] [2025-04-07T02:31:25.324Z] Checked if tokens are valid: true, expires at: 1743995618906
[debug] [2025-04-07T02:31:25.324Z] Checked if tokens are valid: true, expires at: 1743995618906
[debug] [2025-04-07T02:31:25.324Z] Checked if tokens are valid: true, expires at: 1743995618906
[debug] [2025-04-07T02:31:25.324Z] Checked if tokens are valid: true, expires at: 1743995618906
[debug] [2025-04-07T02:31:25.324Z] Checked if tokens are valid: true, expires at: 1743995618906
[debug] [2025-04-07T02:31:25.324Z] Checked if tokens are valid: true, expires at: 1743995618906
[debug] [2025-04-07T02:31:25.324Z] Checked if tokens are valid: true, expires at: 1743995618906
[debug] [2025-04-07T02:31:25.324Z] Checked if tokens are valid: true, expires at: 1743995618906
[debug] [2025-04-07T02:31:25.324Z] Checked if tokens are valid: true, expires at: 1743995618906
[debug] [2025-04-07T02:31:25.324Z] Checked if tokens are valid: true, expires at: 1743995618906
[debug] [2025-04-07T02:31:25.324Z] Checked if tokens are valid: true, expires at: 1743995618906
[debug] [2025-04-07T02:31:25.325Z] >>> [apiv2][query] GET https://serviceusage.googleapis.com/v1/projects/bugsnacks2/services/developerconnect.googleapis.com [none]
[debug] [2025-04-07T02:31:25.325Z] >>> [apiv2][(partial)header] GET https://serviceusage.googleapis.com/v1/projects/bugsnacks2/services/developerconnect.googleapis.com x-goog-quota-user=projects/bugsnacks2
[debug] [2025-04-07T02:31:25.325Z] >>> [apiv2][query] GET https://serviceusage.googleapis.com/v1/projects/bugsnacks2/services/cloudbuild.googleapis.com [none]
[debug] [2025-04-07T02:31:25.325Z] >>> [apiv2][(partial)header] GET https://serviceusage.googleapis.com/v1/projects/bugsnacks2/services/cloudbuild.googleapis.com x-goog-quota-user=projects/bugsnacks2
[debug] [2025-04-07T02:31:25.327Z] >>> [apiv2][query] GET https://serviceusage.googleapis.com/v1/projects/bugsnacks2/services/secretmanager.googleapis.com [none]
[debug] [2025-04-07T02:31:25.327Z] >>> [apiv2][(partial)header] GET https://serviceusage.googleapis.com/v1/projects/bugsnacks2/services/secretmanager.googleapis.com x-goog-quota-user=projects/bugsnacks2
[debug] [2025-04-07T02:31:25.328Z] >>> [apiv2][query] GET https://serviceusage.googleapis.com/v1/projects/bugsnacks2/services/run.googleapis.com [none]
[debug] [2025-04-07T02:31:25.328Z] >>> [apiv2][(partial)header] GET https://serviceusage.googleapis.com/v1/projects/bugsnacks2/services/run.googleapis.com x-goog-quota-user=projects/bugsnacks2
[debug] [2025-04-07T02:31:25.330Z] >>> [apiv2][query] GET https://serviceusage.googleapis.com/v1/projects/bugsnacks2/services/artifactregistry.googleapis.com [none]
[debug] [2025-04-07T02:31:25.330Z] >>> [apiv2][(partial)header] GET https://serviceusage.googleapis.com/v1/projects/bugsnacks2/services/artifactregistry.googleapis.com x-goog-quota-user=projects/bugsnacks2
[debug] [2025-04-07T02:31:25.331Z] >>> [apiv2][query] GET https://serviceusage.googleapis.com/v1/projects/bugsnacks2/services/iam.googleapis.com [none]
[debug] [2025-04-07T02:31:25.331Z] >>> [apiv2][(partial)header] GET https://serviceusage.googleapis.com/v1/projects/bugsnacks2/services/iam.googleapis.com x-goog-quota-user=projects/bugsnacks2
[debug] [2025-04-07T02:31:25.493Z] <<< [apiv2][status] GET https://serviceusage.googleapis.com/v1/projects/bugsnacks2/services/developerconnect.googleapis.com 200
[debug] [2025-04-07T02:31:25.493Z] <<< [apiv2][body] GET https://serviceusage.googleapis.com/v1/projects/bugsnacks2/services/developerconnect.googleapis.com [omitted]
[debug] [2025-04-07T02:31:25.553Z] <<< [apiv2][status] GET https://serviceusage.googleapis.com/v1/projects/bugsnacks2/services/secretmanager.googleapis.com 200
[debug] [2025-04-07T02:31:25.553Z] <<< [apiv2][body] GET https://serviceusage.googleapis.com/v1/projects/bugsnacks2/services/secretmanager.googleapis.com [omitted]
[debug] [2025-04-07T02:31:25.655Z] <<< [apiv2][status] GET https://serviceusage.googleapis.com/v1/projects/bugsnacks2/services/run.googleapis.com 200
[debug] [2025-04-07T02:31:25.655Z] <<< [apiv2][body] GET https://serviceusage.googleapis.com/v1/projects/bugsnacks2/services/run.googleapis.com [omitted]
[debug] [2025-04-07T02:31:25.657Z] <<< [apiv2][status] GET https://serviceusage.googleapis.com/v1/projects/bugsnacks2/services/artifactregistry.googleapis.com 200
[debug] [2025-04-07T02:31:25.657Z] <<< [apiv2][body] GET https://serviceusage.googleapis.com/v1/projects/bugsnacks2/services/artifactregistry.googleapis.com [omitted]
[debug] [2025-04-07T02:31:25.658Z] <<< [apiv2][status] GET https://serviceusage.googleapis.com/v1/projects/bugsnacks2/services/iam.googleapis.com 200
[debug] [2025-04-07T02:31:25.658Z] <<< [apiv2][body] GET https://serviceusage.googleapis.com/v1/projects/bugsnacks2/services/iam.googleapis.com [omitted]
[debug] [2025-04-07T02:31:25.659Z] <<< [apiv2][status] GET https://serviceusage.googleapis.com/v1/projects/bugsnacks2/services/cloudbuild.googleapis.com 200
[debug] [2025-04-07T02:31:25.659Z] <<< [apiv2][body] GET https://serviceusage.googleapis.com/v1/projects/bugsnacks2/services/cloudbuild.googleapis.com [omitted]
[debug] [2025-04-07T02:31:25.659Z] Checked if tokens are valid: true, expires at: 1743995618906
[debug] [2025-04-07T02:31:25.659Z] Checked if tokens are valid: true, expires at: 1743995618906
[debug] [2025-04-07T02:31:25.660Z] >>> [apiv2][query] POST https://iam.googleapis.com/v1/projects/bugsnacks2/serviceAccounts/firebase-app-hosting-compute@bugsnacks2.iam.gserviceaccount.com:testIamPermissions [none]
[debug] [2025-04-07T02:31:25.660Z] >>> [apiv2][(partial)header] POST https://iam.googleapis.com/v1/projects/bugsnacks2/serviceAccounts/firebase-app-hosting-compute@bugsnacks2.iam.gserviceaccount.com:testIamPermissions x-goog-quota-user=projects/bugsnacks2
[debug] [2025-04-07T02:31:25.660Z] >>> [apiv2][body] POST https://iam.googleapis.com/v1/projects/bugsnacks2/serviceAccounts/firebase-app-hosting-compute@bugsnacks2.iam.gserviceaccount.com:testIamPermissions {"permissions":["iam.serviceAccounts.actAs"]}
[debug] [2025-04-07T02:31:25.827Z] <<< [apiv2][status] POST https://iam.googleapis.com/v1/projects/bugsnacks2/serviceAccounts/firebase-app-hosting-compute@bugsnacks2.iam.gserviceaccount.com:testIamPermissions 200
[debug] [2025-04-07T02:31:25.828Z] <<< [apiv2][body] POST https://iam.googleapis.com/v1/projects/bugsnacks2/serviceAccounts/firebase-app-hosting-compute@bugsnacks2.iam.gserviceaccount.com:testIamPermissions {"permissions":["iam.serviceAccounts.actAs"]}
[debug] [2025-04-07T02:31:25.829Z] Checked if tokens are valid: true, expires at: 1743995618906
[debug] [2025-04-07T02:31:25.829Z] Checked if tokens are valid: true, expires at: 1743995618906
[debug] [2025-04-07T02:31:25.829Z] >>> [apiv2][query] GET https://firebaseapphosting.googleapis.com/v1alpha/projects/bugsnacks2/locations 
[debug] [2025-04-07T02:31:26.056Z] <<< [apiv2][status] GET https://firebaseapphosting.googleapis.com/v1alpha/projects/bugsnacks2/locations 200
[debug] [2025-04-07T02:31:26.056Z] <<< [apiv2][body] GET https://firebaseapphosting.googleapis.com/v1alpha/projects/bugsnacks2/locations {"locations":[{"name":"projects/bugsnacks2/locations/asia-east1","locationId":"asia-east1","displayName":"Taiwan"},{"name":"projects/bugsnacks2/locations/europe-west4","locationId":"europe-west4","displayName":"Netherlands"},{"name":"projects/bugsnacks2/locations/us-central1","locationId":"us-central1","displayName":"Iowa"}]}
[info] i  === Import a GitHub repository 
[debug] [2025-04-07T02:31:26.057Z] Checked if tokens are valid: true, expires at: 1743995618906
[debug] [2025-04-07T02:31:26.057Z] Checked if tokens are valid: true, expires at: 1743995618906
[debug] [2025-04-07T02:31:26.057Z] >>> [apiv2][query] GET https://developerconnect.googleapis.com/v1/projects/bugsnacks2/locations/us-central1/connections/firebase-app-hosting-github-oauth [none]
[debug] [2025-04-07T02:31:26.350Z] <<< [apiv2][status] GET https://developerconnect.googleapis.com/v1/projects/bugsnacks2/locations/us-central1/connections/firebase-app-hosting-github-oauth 404
[debug] [2025-04-07T02:31:26.350Z] <<< [apiv2][body] GET https://developerconnect.googleapis.com/v1/projects/bugsnacks2/locations/us-central1/connections/firebase-app-hosting-github-oauth {"error":{"code":404,"message":"Resource 'projects/bugsnacks2/locations/us-central1/connections/firebase-app-hosting-github-oauth' was not found","status":"NOT_FOUND","details":[{"@type":"type.googleapis.com/google.rpc.ResourceInfo","resourceName":"projects/bugsnacks2/locations/us-central1/connections/firebase-app-hosting-github-oauth"}]}}
[debug] [2025-04-07T02:31:26.351Z] Checked if tokens are valid: true, expires at: 1743995618906
[debug] [2025-04-07T02:31:26.352Z] Checked if tokens are valid: true, expires at: 1743995618906
[debug] [2025-04-07T02:31:26.352Z] >>> [apiv2][query] GET https://firebase.googleapis.com/v1beta1/projects/bugsnacks2 [none]
[debug] [2025-04-07T02:31:26.561Z] <<< [apiv2][status] GET https://firebase.googleapis.com/v1beta1/projects/bugsnacks2 200
[debug] [2025-04-07T02:31:26.561Z] <<< [apiv2][body] GET https://firebase.googleapis.com/v1beta1/projects/bugsnacks2 {"projectId":"bugsnacks2","projectNumber":"1037797028766","displayName":"BugSnacks","name":"projects/bugsnacks2","resources":{"hostingSite":"bugsnacks2"},"state":"ACTIVE","etag":"1_010594ca-39a4-48c8-8ff6-593addf87467"}
[debug] [2025-04-07T02:31:26.562Z] Checked if tokens are valid: true, expires at: 1743995618906
[debug] [2025-04-07T02:31:26.562Z] Checked if tokens are valid: true, expires at: 1743995618906
[debug] [2025-04-07T02:31:26.562Z] >>> [apiv2][query] POST https://cloudresourcemanager.googleapis.com/v1/projects/bugsnacks2:getIamPolicy [none]
[debug] [2025-04-07T02:31:26.961Z] <<< [apiv2][status] POST https://cloudresourcemanager.googleapis.com/v1/projects/bugsnacks2:getIamPolicy 200
[debug] [2025-04-07T02:31:26.962Z] <<< [apiv2][body] POST https://cloudresourcemanager.googleapis.com/v1/projects/bugsnacks2:getIamPolicy {"version":1,"etag":"BwYyJwU/U0w=","bindings":[{"role":"roles/cloudaicompanion.user","members":["user:ericpolanski2025@u.northwestern.edu"]},{"role":"roles/cloudbuild.builds.builder","members":["serviceAccount:1037797028766@cloudbuild.gserviceaccount.com"]},{"role":"roles/cloudbuild.serviceAgent","members":["serviceAccount:service-1037797028766@gcp-sa-cloudbuild.iam.gserviceaccount.com"]},{"role":"roles/containerregistry.ServiceAgent","members":["serviceAccount:service-1037797028766@containerregistry.iam.gserviceaccount.com"]},{"role":"roles/developerconnect.readTokenAccessor","members":["serviceAccount:firebase-app-hosting-compute@bugsnacks2.iam.gserviceaccount.com"]},{"role":"roles/editor","members":["serviceAccount:1037797028766-compute@developer.gserviceaccount.com"]},{"role":"roles/firebase.admin","members":["user:aanandpatel2026@u.northwestern.edu","user:ericpolanski2025@u.northwestern.edu","user:laurafelix2026@u.northwestern.edu","user:xinranli2025@u.northwestern.edu"]},{"role":"roles/firebase.managementServiceAgent","members":["serviceAccount:service-1037797028766@gcp-sa-firebase.iam.gserviceaccount.com"]},{"role":"roles/firebase.sdkAdminServiceAgent","members":["serviceAccount:firebase-adminsdk-fbsvc@bugsnacks2.iam.gserviceaccount.com","serviceAccount:firebase-app-hosting-compute@bugsnacks2.iam.gserviceaccount.com"]},{"role":"roles/firebaseapphosting.computeRunner","members":["serviceAccount:firebase-app-hosting-compute@bugsnacks2.iam.gserviceaccount.com"]},{"role":"roles/firebaseauth.admin","members":["serviceAccount:firebase-adminsdk-fbsvc@bugsnacks2.iam.gserviceaccount.com"]},{"role":"roles/firebaserules.system","members":["serviceAccount:service-1037797028766@firebase-rules.iam.gserviceaccount.com"]},{"role":"roles/firebasestorage.serviceAgent","members":["serviceAccount:service-1037797028766@gcp-sa-firebasestorage.iam.gserviceaccount.com"]},{"role":"roles/firestore.serviceAgent","members":["serviceAccount:service-1037797028766@gcp-sa-firestore.iam.gserviceaccount.com"]},{"role":"roles/iam.serviceAccountTokenCreator","members":["serviceAccount:firebase-adminsdk-fbsvc@bugsnacks2.iam.gserviceaccount.com"]},{"role":"roles/owner","members":["user:ashwinbaluja2025@u.northwestern.edu","user:ericchrispolanski@gmail.com"]},{"role":"roles/run.serviceAgent","members":["serviceAccount:service-1037797028766@serverless-robot-prod.iam.gserviceaccount.com"]},{"role":"roles/secretmanager.admin_withcond_f2a5757f9c001484f363","members":["serviceAccount:service-1037797028766@gcp-sa-devconnect.iam.gserviceaccount.com"]},{"role":"roles/storage.admin","members":["serviceAccount:firebase-adminsdk-fbsvc@bugsnacks2.iam.gserviceaccount.com"]}]}
[info] i  To create a new GitHub connection, Secret Manager Admin role (roles/secretmanager.admin) is required on the Developer Connect Service Agent. 
[debug] [2025-04-07T02:31:32.146Z] Checked if tokens are valid: true, expires at: 1743995618906
[debug] [2025-04-07T02:31:32.147Z] Checked if tokens are valid: true, expires at: 1743995618906
[debug] [2025-04-07T02:31:32.147Z] >>> [apiv2][query] POST https://cloudresourcemanager.googleapis.com/v1/projects/bugsnacks2:getIamPolicy [none]
[debug] [2025-04-07T02:31:32.469Z] <<< [apiv2][status] POST https://cloudresourcemanager.googleapis.com/v1/projects/bugsnacks2:getIamPolicy 200
[debug] [2025-04-07T02:31:32.470Z] <<< [apiv2][body] POST https://cloudresourcemanager.googleapis.com/v1/projects/bugsnacks2:getIamPolicy {"version":1,"etag":"BwYyJwU/U0w=","bindings":[{"role":"roles/cloudaicompanion.user","members":["user:ericpolanski2025@u.northwestern.edu"]},{"role":"roles/cloudbuild.builds.builder","members":["serviceAccount:1037797028766@cloudbuild.gserviceaccount.com"]},{"role":"roles/cloudbuild.serviceAgent","members":["serviceAccount:service-1037797028766@gcp-sa-cloudbuild.iam.gserviceaccount.com"]},{"role":"roles/containerregistry.ServiceAgent","members":["serviceAccount:service-1037797028766@containerregistry.iam.gserviceaccount.com"]},{"role":"roles/developerconnect.readTokenAccessor","members":["serviceAccount:firebase-app-hosting-compute@bugsnacks2.iam.gserviceaccount.com"]},{"role":"roles/editor","members":["serviceAccount:1037797028766-compute@developer.gserviceaccount.com"]},{"role":"roles/firebase.admin","members":["user:aanandpatel2026@u.northwestern.edu","user:ericpolanski2025@u.northwestern.edu","user:laurafelix2026@u.northwestern.edu","user:xinranli2025@u.northwestern.edu"]},{"role":"roles/firebase.managementServiceAgent","members":["serviceAccount:service-1037797028766@gcp-sa-firebase.iam.gserviceaccount.com"]},{"role":"roles/firebase.sdkAdminServiceAgent","members":["serviceAccount:firebase-adminsdk-fbsvc@bugsnacks2.iam.gserviceaccount.com","serviceAccount:firebase-app-hosting-compute@bugsnacks2.iam.gserviceaccount.com"]},{"role":"roles/firebaseapphosting.computeRunner","members":["serviceAccount:firebase-app-hosting-compute@bugsnacks2.iam.gserviceaccount.com"]},{"role":"roles/firebaseauth.admin","members":["serviceAccount:firebase-adminsdk-fbsvc@bugsnacks2.iam.gserviceaccount.com"]},{"role":"roles/firebaserules.system","members":["serviceAccount:service-1037797028766@firebase-rules.iam.gserviceaccount.com"]},{"role":"roles/firebasestorage.serviceAgent","members":["serviceAccount:service-1037797028766@gcp-sa-firebasestorage.iam.gserviceaccount.com"]},{"role":"roles/firestore.serviceAgent","members":["serviceAccount:service-1037797028766@gcp-sa-firestore.iam.gserviceaccount.com"]},{"role":"roles/iam.serviceAccountTokenCreator","members":["serviceAccount:firebase-adminsdk-fbsvc@bugsnacks2.iam.gserviceaccount.com"]},{"role":"roles/owner","members":["user:ashwinbaluja2025@u.northwestern.edu","user:ericchrispolanski@gmail.com"]},{"role":"roles/run.serviceAgent","members":["serviceAccount:service-1037797028766@serverless-robot-prod.iam.gserviceaccount.com"]},{"role":"roles/secretmanager.admin_withcond_f2a5757f9c001484f363","members":["serviceAccount:service-1037797028766@gcp-sa-devconnect.iam.gserviceaccount.com"]},{"role":"roles/storage.admin","members":["serviceAccount:firebase-adminsdk-fbsvc@bugsnacks2.iam.gserviceaccount.com"]}]}
[debug] [2025-04-07T02:31:32.470Z] Checked if tokens are valid: true, expires at: 1743995618906
[debug] [2025-04-07T02:31:32.470Z] Checked if tokens are valid: true, expires at: 1743995618906
[debug] [2025-04-07T02:31:32.470Z] >>> [apiv2][query] POST https://cloudresourcemanager.googleapis.com/v1/projects/bugsnacks2:setIamPolicy [none]
[debug] [2025-04-07T02:31:32.470Z] >>> [apiv2][body] POST https://cloudresourcemanager.googleapis.com/v1/projects/bugsnacks2:setIamPolicy {"policy":{"version":1,"etag":"BwYyJwU/U0w=","bindings":[{"role":"roles/cloudaicompanion.user","members":["user:ericpolanski2025@u.northwestern.edu"]},{"role":"roles/cloudbuild.builds.builder","members":["serviceAccount:1037797028766@cloudbuild.gserviceaccount.com"]},{"role":"roles/cloudbuild.serviceAgent","members":["serviceAccount:service-1037797028766@gcp-sa-cloudbuild.iam.gserviceaccount.com"]},{"role":"roles/containerregistry.ServiceAgent","members":["serviceAccount:service-1037797028766@containerregistry.iam.gserviceaccount.com"]},{"role":"roles/developerconnect.readTokenAccessor","members":["serviceAccount:firebase-app-hosting-compute@bugsnacks2.iam.gserviceaccount.com"]},{"role":"roles/editor","members":["serviceAccount:1037797028766-compute@developer.gserviceaccount.com"]},{"role":"roles/firebase.admin","members":["user:aanandpatel2026@u.northwestern.edu","user:ericpolanski2025@u.northwestern.edu","user:laurafelix2026@u.northwestern.edu","user:xinranli2025@u.northwestern.edu"]},{"role":"roles/firebase.managementServiceAgent","members":["serviceAccount:service-1037797028766@gcp-sa-firebase.iam.gserviceaccount.com"]},{"role":"roles/firebase.sdkAdminServiceAgent","members":["serviceAccount:firebase-adminsdk-fbsvc@bugsnacks2.iam.gserviceaccount.com","serviceAccount:firebase-app-hosting-compute@bugsnacks2.iam.gserviceaccount.com"]},{"role":"roles/firebaseapphosting.computeRunner","members":["serviceAccount:firebase-app-hosting-compute@bugsnacks2.iam.gserviceaccount.com"]},{"role":"roles/firebaseauth.admin","members":["serviceAccount:firebase-adminsdk-fbsvc@bugsnacks2.iam.gserviceaccount.com"]},{"role":"roles/firebaserules.system","members":["serviceAccount:service-1037797028766@firebase-rules.iam.gserviceaccount.com"]},{"role":"roles/firebasestorage.serviceAgent","members":["serviceAccount:service-1037797028766@gcp-sa-firebasestorage.iam.gserviceaccount.com"]},{"role":"roles/firestore.serviceAgent","members":["serviceAccount:service-1037797028766@gcp-sa-firestore.iam.gserviceaccount.com"]},{"role":"roles/iam.serviceAccountTokenCreator","members":["serviceAccount:firebase-adminsdk-fbsvc@bugsnacks2.iam.gserviceaccount.com"]},{"role":"roles/owner","members":["user:ashwinbaluja2025@u.northwestern.edu","user:ericchrispolanski@gmail.com"]},{"role":"roles/run.serviceAgent","members":["serviceAccount:service-1037797028766@serverless-robot-prod.iam.gserviceaccount.com"]},{"role":"roles/secretmanager.admin_withcond_f2a5757f9c001484f363","members":["serviceAccount:service-1037797028766@gcp-sa-devconnect.iam.gserviceaccount.com"]},{"role":"roles/storage.admin","members":["serviceAccount:firebase-adminsdk-fbsvc@bugsnacks2.iam.gserviceaccount.com"]},{"role":"roles/secretmanager.admin","members":["serviceAccount:service-1037797028766@gcp-sa-devconnect.iam.gserviceaccount.com"]}]},"updateMask":"bindings"}
[debug] [2025-04-07T02:31:33.123Z] <<< [apiv2][status] POST https://cloudresourcemanager.googleapis.com/v1/projects/bugsnacks2:setIamPolicy 200
[debug] [2025-04-07T02:31:33.123Z] <<< [apiv2][body] POST https://cloudresourcemanager.googleapis.com/v1/projects/bugsnacks2:setIamPolicy {"version":1,"etag":"BwYyJwjPZvY=","bindings":[{"role":"roles/cloudaicompanion.user","members":["user:ericpolanski2025@u.northwestern.edu"]},{"role":"roles/cloudbuild.builds.builder","members":["serviceAccount:1037797028766@cloudbuild.gserviceaccount.com"]},{"role":"roles/cloudbuild.serviceAgent","members":["serviceAccount:service-1037797028766@gcp-sa-cloudbuild.iam.gserviceaccount.com"]},{"role":"roles/containerregistry.ServiceAgent","members":["serviceAccount:service-1037797028766@containerregistry.iam.gserviceaccount.com"]},{"role":"roles/developerconnect.readTokenAccessor","members":["serviceAccount:firebase-app-hosting-compute@bugsnacks2.iam.gserviceaccount.com"]},{"role":"roles/editor","members":["serviceAccount:1037797028766-compute@developer.gserviceaccount.com"]},{"role":"roles/firebase.admin","members":["user:aanandpatel2026@u.northwestern.edu","user:ericpolanski2025@u.northwestern.edu","user:laurafelix2026@u.northwestern.edu","user:xinranli2025@u.northwestern.edu"]},{"role":"roles/firebase.managementServiceAgent","members":["serviceAccount:service-1037797028766@gcp-sa-firebase.iam.gserviceaccount.com"]},{"role":"roles/firebase.sdkAdminServiceAgent","members":["serviceAccount:firebase-adminsdk-fbsvc@bugsnacks2.iam.gserviceaccount.com","serviceAccount:firebase-app-hosting-compute@bugsnacks2.iam.gserviceaccount.com"]},{"role":"roles/firebaseapphosting.computeRunner","members":["serviceAccount:firebase-app-hosting-compute@bugsnacks2.iam.gserviceaccount.com"]},{"role":"roles/firebaseauth.admin","members":["serviceAccount:firebase-adminsdk-fbsvc@bugsnacks2.iam.gserviceaccount.com"]},{"role":"roles/firebaserules.system","members":["serviceAccount:service-1037797028766@firebase-rules.iam.gserviceaccount.com"]},{"role":"roles/firebasestorage.serviceAgent","members":["serviceAccount:service-1037797028766@gcp-sa-firebasestorage.iam.gserviceaccount.com"]},{"role":"roles/firestore.serviceAgent","members":["serviceAccount:service-1037797028766@gcp-sa-firestore.iam.gserviceaccount.com"]},{"role":"roles/iam.serviceAccountTokenCreator","members":["serviceAccount:firebase-adminsdk-fbsvc@bugsnacks2.iam.gserviceaccount.com"]},{"role":"roles/owner","members":["user:ashwinbaluja2025@u.northwestern.edu","user:ericchrispolanski@gmail.com"]},{"role":"roles/run.serviceAgent","members":["serviceAccount:service-1037797028766@serverless-robot-prod.iam.gserviceaccount.com"]},{"role":"roles/secretmanager.admin","members":["serviceAccount:service-1037797028766@gcp-sa-devconnect.iam.gserviceaccount.com"]},{"role":"roles/secretmanager.admin_withcond_f2a5757f9c001484f363","members":["serviceAccount:service-1037797028766@gcp-sa-devconnect.iam.gserviceaccount.com"]},{"role":"roles/storage.admin","members":["serviceAccount:firebase-adminsdk-fbsvc@bugsnacks2.iam.gserviceaccount.com"]}]}
[info] ✔  Successfully granted the required role to the Developer Connect Service Agent!
 
[debug] [2025-04-07T02:31:33.124Z] Checked if tokens are valid: true, expires at: 1743995618906
[debug] [2025-04-07T02:31:33.124Z] Checked if tokens are valid: true, expires at: 1743995618906
[debug] [2025-04-07T02:31:33.124Z] >>> [apiv2][query] POST https://developerconnect.googleapis.com/v1/projects/bugsnacks2/locations/us-central1/connections connectionId=firebase-app-hosting-github-oauth
[debug] [2025-04-07T02:31:33.124Z] >>> [apiv2][body] POST https://developerconnect.googleapis.com/v1/projects/bugsnacks2/locations/us-central1/connections {"githubConfig":{"githubApp":"FIREBASE"}}
[debug] [2025-04-07T02:31:33.794Z] <<< [apiv2][status] POST https://developerconnect.googleapis.com/v1/projects/bugsnacks2/locations/us-central1/connections 200
[debug] [2025-04-07T02:31:33.795Z] <<< [apiv2][body] POST https://developerconnect.googleapis.com/v1/projects/bugsnacks2/locations/us-central1/connections {"name":"projects/bugsnacks2/locations/us-central1/operations/operation-1743993093417-6322708d2e86a-0173f7ec-accf721c","metadata":{"@type":"type.googleapis.com/google.cloud.developerconnect.v1.OperationMetadata","createTime":"2025-04-07T02:31:33.850271475Z","target":"projects/bugsnacks2/locations/us-central1/connections/firebase-app-hosting-github-oauth","verb":"create","requestedCancellation":false,"apiVersion":"v1"},"done":false}
[debug] [2025-04-07T02:31:33.796Z] Checked if tokens are valid: true, expires at: 1743995618906
[debug] [2025-04-07T02:31:33.796Z] Checked if tokens are valid: true, expires at: 1743995618906
[debug] [2025-04-07T02:31:33.796Z] >>> [apiv2][query] GET https://developerconnect.googleapis.com/v1/projects/bugsnacks2/locations/us-central1/operations/operation-1743993093417-6322708d2e86a-0173f7ec-accf721c [none]
[debug] [2025-04-07T02:31:33.890Z] <<< [apiv2][status] GET https://developerconnect.googleapis.com/v1/projects/bugsnacks2/locations/us-central1/operations/operation-1743993093417-6322708d2e86a-0173f7ec-accf721c 200
[debug] [2025-04-07T02:31:33.891Z] <<< [apiv2][body] GET https://developerconnect.googleapis.com/v1/projects/bugsnacks2/locations/us-central1/operations/operation-1743993093417-6322708d2e86a-0173f7ec-accf721c {"name":"projects/bugsnacks2/locations/us-central1/operations/operation-1743993093417-6322708d2e86a-0173f7ec-accf721c","metadata":{"@type":"type.googleapis.com/google.cloud.developerconnect.v1.OperationMetadata","createTime":"2025-04-07T02:31:33.850271475Z","endTime":"2025-04-07T02:31:33.892173011Z","target":"projects/bugsnacks2/locations/us-central1/connections/firebase-app-hosting-github-oauth","verb":"create","requestedCancellation":false,"apiVersion":"v1"},"done":true,"response":{"@type":"type.googleapis.com/google.cloud.developerconnect.v1.Connection","name":"projects/bugsnacks2/locations/us-central1/connections/firebase-app-hosting-github-oauth","createTime":"2025-04-07T02:31:33.845463275Z","updateTime":"2025-04-07T02:31:33.845463275Z","githubConfig":{"githubApp":"FIREBASE"},"installationState":{"stage":"PENDING_USER_OAUTH","message":"Please log in to https://github.com using a robot account and then follow this link to authorize Developer Connect to access that account. After authorization, your GitHub authorization token will be stored in Cloud Secret Manager.","actionUri":"https://accounts.google.com/AccountChooser?continue=https%3A%2F%2Fconsole.cloud.google.com%2Fdeveloper-connect%2Ffinish-setup%3Fstate%3D%257B%2522connection%2522%253A%2B%2522projects%252Fbugsnacks2%252Flocations%252Fus-central1%252Fconnections%252Ffirebase-app-hosting-github-oauth%2522%257D"}}}
[info] i  Please authorize the Firebase GitHub app by visiting this url: 
[info] i  	http://localhost:9005 
[debug] [2025-04-07T02:32:26.090Z] Checked if tokens are valid: true, expires at: 1743995618906
[debug] [2025-04-07T02:32:26.090Z] Checked if tokens are valid: true, expires at: 1743995618906
[debug] [2025-04-07T02:32:26.090Z] >>> [apiv2][query] GET https://developerconnect.googleapis.com/v1/projects/bugsnacks2/locations/us-central1/connections/firebase-app-hosting-github-oauth [none]
[debug] [2025-04-07T02:32:26.337Z] <<< [apiv2][status] GET https://developerconnect.googleapis.com/v1/projects/bugsnacks2/locations/us-central1/connections/firebase-app-hosting-github-oauth 200
[debug] [2025-04-07T02:32:26.337Z] <<< [apiv2][body] GET https://developerconnect.googleapis.com/v1/projects/bugsnacks2/locations/us-central1/connections/firebase-app-hosting-github-oauth {"name":"projects/bugsnacks2/locations/us-central1/connections/firebase-app-hosting-github-oauth","createTime":"2025-04-07T02:31:33.845463275Z","updateTime":"2025-04-07T02:32:20.699633530Z","githubConfig":{"githubApp":"FIREBASE","authorizerCredential":{"oauthTokenSecretVersion":"projects/bugsnacks2/secrets/firebase-app-hosting-github-oauth-github-oauthtoken-b44cb9/versions/latest","username":"ashwinbaluja"},"appInstallationId":"64045032","installationUri":"https://github.com/organizations/NU394-s2025TTh/settings/installations/64045032"},"installationState":{"stage":"COMPLETE"}}
[info] ✔  Connected with GitHub successfully
 
[debug] [2025-04-07T02:32:26.339Z] Checked if tokens are valid: true, expires at: 1743995618906
[debug] [2025-04-07T02:32:26.339Z] Checked if tokens are valid: true, expires at: 1743995618906
[debug] [2025-04-07T02:32:26.339Z] >>> [apiv2][query] GET https://developerconnect.googleapis.com/v1/projects/bugsnacks2/locations/us-central1/connections/firebase-app-hosting-github-oauth:fetchGitHubInstallations [none]
[debug] [2025-04-07T02:32:26.691Z] <<< [apiv2][status] GET https://developerconnect.googleapis.com/v1/projects/bugsnacks2/locations/us-central1/connections/firebase-app-hosting-github-oauth:fetchGitHubInstallations 200
[debug] [2025-04-07T02:32:26.691Z] <<< [apiv2][body] GET https://developerconnect.googleapis.com/v1/projects/bugsnacks2/locations/us-central1/connections/firebase-app-hosting-github-oauth:fetchGitHubInstallations {"installations":[{"id":"64045032","name":"NU394-s2025TTh","type":"organization"}]}
[debug] [2025-04-07T02:32:31.279Z] Checked if tokens are valid: true, expires at: 1743995618906
[debug] [2025-04-07T02:32:31.279Z] Checked if tokens are valid: true, expires at: 1743995618906
[debug] [2025-04-07T02:32:31.280Z] >>> [apiv2][query] GET https://developerconnect.googleapis.com/v1/projects/bugsnacks2/locations/us-central1/connections pageSize=1000&pageToken=
[debug] [2025-04-07T02:32:31.380Z] <<< [apiv2][status] GET https://developerconnect.googleapis.com/v1/projects/bugsnacks2/locations/us-central1/connections 200
[debug] [2025-04-07T02:32:31.381Z] <<< [apiv2][body] GET https://developerconnect.googleapis.com/v1/projects/bugsnacks2/locations/us-central1/connections {"connections":[{"name":"projects/bugsnacks2/locations/us-central1/connections/firebase-app-hosting-github-oauth","createTime":"2025-04-07T02:31:33.845463275Z","updateTime":"2025-04-07T02:32:20.699633530Z","githubConfig":{"githubApp":"FIREBASE","authorizerCredential":{"oauthTokenSecretVersion":"projects/bugsnacks2/secrets/firebase-app-hosting-github-oauth-github-oauthtoken-b44cb9/versions/latest","username":"ashwinbaluja"},"appInstallationId":"64045032","installationUri":"https://github.com/organizations/NU394-s2025TTh/settings/installations/64045032"},"installationState":{"stage":"COMPLETE"}}]}
[debug] [2025-04-07T02:32:31.382Z] Checked if tokens are valid: true, expires at: 1743995618906
[debug] [2025-04-07T02:32:31.382Z] Checked if tokens are valid: true, expires at: 1743995618906
[debug] [2025-04-07T02:32:31.383Z] >>> [apiv2][query] POST https://developerconnect.googleapis.com/v1/projects/bugsnacks2/locations/us-central1/connections connectionId=apphosting-github-conn-9n59c0c
[debug] [2025-04-07T02:32:31.383Z] >>> [apiv2][body] POST https://developerconnect.googleapis.com/v1/projects/bugsnacks2/locations/us-central1/connections {"githubConfig":{"appInstallationId":"64045032","authorizerCredential":{"oauthTokenSecretVersion":"projects/bugsnacks2/secrets/firebase-app-hosting-github-oauth-github-oauthtoken-b44cb9/versions/latest","username":"ashwinbaluja"},"githubApp":"FIREBASE"}}
[debug] [2025-04-07T02:32:31.557Z] <<< [apiv2][status] POST https://developerconnect.googleapis.com/v1/projects/bugsnacks2/locations/us-central1/connections 200
[debug] [2025-04-07T02:32:31.557Z] <<< [apiv2][body] POST https://developerconnect.googleapis.com/v1/projects/bugsnacks2/locations/us-central1/connections {"name":"projects/bugsnacks2/locations/us-central1/operations/operation-1743993151542-632270c49d5f3-dfc6eec6-67b7bb16","metadata":{"@type":"type.googleapis.com/google.cloud.developerconnect.v1.OperationMetadata","createTime":"2025-04-07T02:32:31.613394638Z","target":"projects/bugsnacks2/locations/us-central1/connections/apphosting-github-conn-9n59c0c","verb":"create","requestedCancellation":false,"apiVersion":"v1"},"done":false}
[debug] [2025-04-07T02:32:31.558Z] Checked if tokens are valid: true, expires at: 1743995618906
[debug] [2025-04-07T02:32:31.558Z] Checked if tokens are valid: true, expires at: 1743995618906
[debug] [2025-04-07T02:32:31.558Z] >>> [apiv2][query] GET https://developerconnect.googleapis.com/v1/projects/bugsnacks2/locations/us-central1/operations/operation-1743993151542-632270c49d5f3-dfc6eec6-67b7bb16 [none]
[debug] [2025-04-07T02:32:31.700Z] <<< [apiv2][status] GET https://developerconnect.googleapis.com/v1/projects/bugsnacks2/locations/us-central1/operations/operation-1743993151542-632270c49d5f3-dfc6eec6-67b7bb16 200
[debug] [2025-04-07T02:32:31.700Z] <<< [apiv2][body] GET https://developerconnect.googleapis.com/v1/projects/bugsnacks2/locations/us-central1/operations/operation-1743993151542-632270c49d5f3-dfc6eec6-67b7bb16 {"name":"projects/bugsnacks2/locations/us-central1/operations/operation-1743993151542-632270c49d5f3-dfc6eec6-67b7bb16","metadata":{"@type":"type.googleapis.com/google.cloud.developerconnect.v1.OperationMetadata","createTime":"2025-04-07T02:32:31.613394638Z","target":"projects/bugsnacks2/locations/us-central1/connections/apphosting-github-conn-9n59c0c","verb":"create","requestedCancellation":false,"apiVersion":"v1"},"done":false}
[debug] [2025-04-07T02:32:32.202Z] [create-us-central1-apphosting-github-conn-9n59c0c] Retrying task index 0
[debug] [2025-04-07T02:32:32.202Z] Checked if tokens are valid: true, expires at: 1743995618906
[debug] [2025-04-07T02:32:32.202Z] Checked if tokens are valid: true, expires at: 1743995618906
[debug] [2025-04-07T02:32:32.202Z] >>> [apiv2][query] GET https://developerconnect.googleapis.com/v1/projects/bugsnacks2/locations/us-central1/operations/operation-1743993151542-632270c49d5f3-dfc6eec6-67b7bb16 [none]
[debug] [2025-04-07T02:32:32.273Z] <<< [apiv2][status] GET https://developerconnect.googleapis.com/v1/projects/bugsnacks2/locations/us-central1/operations/operation-1743993151542-632270c49d5f3-dfc6eec6-67b7bb16 200
[debug] [2025-04-07T02:32:32.273Z] <<< [apiv2][body] GET https://developerconnect.googleapis.com/v1/projects/bugsnacks2/locations/us-central1/operations/operation-1743993151542-632270c49d5f3-dfc6eec6-67b7bb16 {"name":"projects/bugsnacks2/locations/us-central1/operations/operation-1743993151542-632270c49d5f3-dfc6eec6-67b7bb16","metadata":{"@type":"type.googleapis.com/google.cloud.developerconnect.v1.OperationMetadata","createTime":"2025-04-07T02:32:31.613394638Z","endTime":"2025-04-07T02:32:32.154479708Z","target":"projects/bugsnacks2/locations/us-central1/connections/apphosting-github-conn-9n59c0c","verb":"create","requestedCancellation":false,"apiVersion":"v1"},"done":true,"response":{"@type":"type.googleapis.com/google.cloud.developerconnect.v1.Connection","name":"projects/bugsnacks2/locations/us-central1/connections/apphosting-github-conn-9n59c0c","createTime":"2025-04-07T02:32:31.606718334Z","updateTime":"2025-04-07T02:32:31.606718334Z","githubConfig":{"githubApp":"FIREBASE","authorizerCredential":{"oauthTokenSecretVersion":"projects/bugsnacks2/secrets/firebase-app-hosting-github-oauth-github-oauthtoken-b44cb9/versions/latest","username":"ashwinbaluja"},"appInstallationId":"64045032","installationUri":"https://github.com/organizations/NU394-s2025TTh/settings/installations/64045032"},"installationState":{"stage":"COMPLETE"}}}
[debug] [2025-04-07T02:32:32.274Z] Checked if tokens are valid: true, expires at: 1743995618906
[debug] [2025-04-07T02:32:32.274Z] Checked if tokens are valid: true, expires at: 1743995618906
[debug] [2025-04-07T02:32:32.275Z] >>> [apiv2][query] GET https://developerconnect.googleapis.com/v1/projects/bugsnacks2/locations/us-central1/connections/apphosting-github-conn-9n59c0c:fetchLinkableGitRepositories pageSize=1000&pageToken=
[debug] [2025-04-07T02:32:32.553Z] <<< [apiv2][status] GET https://developerconnect.googleapis.com/v1/projects/bugsnacks2/locations/us-central1/connections/apphosting-github-conn-9n59c0c:fetchLinkableGitRepositories 200
[debug] [2025-04-07T02:32:32.553Z] <<< [apiv2][body] GET https://developerconnect.googleapis.com/v1/projects/bugsnacks2/locations/us-central1/connections/apphosting-github-conn-9n59c0c:fetchLinkableGitRepositories {"linkableGitRepositories":[{"cloneUri":"https://github.com/NU394-s2025TTh/BugSnacks.git"}]}
[debug] [2025-04-07T02:32:33.978Z] Checked if tokens are valid: true, expires at: 1743995618906
[debug] [2025-04-07T02:32:33.978Z] Checked if tokens are valid: true, expires at: 1743995618906
[debug] [2025-04-07T02:32:33.979Z] >>> [apiv2][query] GET https://developerconnect.googleapis.com/v1/projects/bugsnacks2/locations/us-central1/connections/apphosting-github-conn-9n59c0c [none]
[debug] [2025-04-07T02:32:34.050Z] <<< [apiv2][status] GET https://developerconnect.googleapis.com/v1/projects/bugsnacks2/locations/us-central1/connections/apphosting-github-conn-9n59c0c 200
[debug] [2025-04-07T02:32:34.050Z] <<< [apiv2][body] GET https://developerconnect.googleapis.com/v1/projects/bugsnacks2/locations/us-central1/connections/apphosting-github-conn-9n59c0c {"name":"projects/bugsnacks2/locations/us-central1/connections/apphosting-github-conn-9n59c0c","createTime":"2025-04-07T02:32:31.606718334Z","updateTime":"2025-04-07T02:32:32.175269710Z","githubConfig":{"githubApp":"FIREBASE","authorizerCredential":{"oauthTokenSecretVersion":"projects/bugsnacks2/secrets/firebase-app-hosting-github-oauth-github-oauthtoken-b44cb9/versions/latest","username":"ashwinbaluja"},"appInstallationId":"64045032","installationUri":"https://github.com/organizations/NU394-s2025TTh/settings/installations/64045032"},"installationState":{"stage":"COMPLETE"}}
[debug] [2025-04-07T02:32:34.050Z] Checked if tokens are valid: true, expires at: 1743995618906
[debug] [2025-04-07T02:32:34.050Z] Checked if tokens are valid: true, expires at: 1743995618906
[debug] [2025-04-07T02:32:34.050Z] >>> [apiv2][query] GET https://developerconnect.googleapis.com/v1/projects/bugsnacks2/locations/us-central1/connections/apphosting-github-conn-9n59c0c/gitRepositoryLinks/NU394-s2025TTh-BugSnacks [none]
[debug] [2025-04-07T02:32:34.112Z] <<< [apiv2][status] GET https://developerconnect.googleapis.com/v1/projects/bugsnacks2/locations/us-central1/connections/apphosting-github-conn-9n59c0c/gitRepositoryLinks/NU394-s2025TTh-BugSnacks 404
[debug] [2025-04-07T02:32:34.113Z] <<< [apiv2][body] GET https://developerconnect.googleapis.com/v1/projects/bugsnacks2/locations/us-central1/connections/apphosting-github-conn-9n59c0c/gitRepositoryLinks/NU394-s2025TTh-BugSnacks {"error":{"code":404,"message":"Resource 'projects/bugsnacks2/locations/us-central1/connections/apphosting-github-conn-9n59c0c/gitRepositoryLinks/NU394-s2025TTh-BugSnacks' was not found","status":"NOT_FOUND","details":[{"@type":"type.googleapis.com/google.rpc.ResourceInfo","resourceName":"projects/bugsnacks2/locations/us-central1/connections/apphosting-github-conn-9n59c0c/gitRepositoryLinks/NU394-s2025TTh-BugSnacks"}]}}
[debug] [2025-04-07T02:32:34.114Z] Checked if tokens are valid: true, expires at: 1743995618906
[debug] [2025-04-07T02:32:34.114Z] Checked if tokens are valid: true, expires at: 1743995618906
[debug] [2025-04-07T02:32:34.114Z] >>> [apiv2][query] POST https://developerconnect.googleapis.com/v1/projects/bugsnacks2/locations/us-central1/connections/apphosting-github-conn-9n59c0c/gitRepositoryLinks gitRepositoryLinkId=NU394-s2025TTh-BugSnacks
[debug] [2025-04-07T02:32:34.114Z] >>> [apiv2][body] POST https://developerconnect.googleapis.com/v1/projects/bugsnacks2/locations/us-central1/connections/apphosting-github-conn-9n59c0c/gitRepositoryLinks {"cloneUri":"https://github.com/NU394-s2025TTh/BugSnacks.git"}
[debug] [2025-04-07T02:32:34.301Z] <<< [apiv2][status] POST https://developerconnect.googleapis.com/v1/projects/bugsnacks2/locations/us-central1/connections/apphosting-github-conn-9n59c0c/gitRepositoryLinks 200
[debug] [2025-04-07T02:32:34.302Z] <<< [apiv2][body] POST https://developerconnect.googleapis.com/v1/projects/bugsnacks2/locations/us-central1/connections/apphosting-github-conn-9n59c0c/gitRepositoryLinks {"name":"projects/bugsnacks2/locations/us-central1/operations/operation-1743993154270-632270c737583-c19d3869-4ffcb886","metadata":{"@type":"type.googleapis.com/google.cloud.developerconnect.v1.OperationMetadata","createTime":"2025-04-07T02:32:34.287183036Z","target":"projects/bugsnacks2/locations/us-central1/connections/apphosting-github-conn-9n59c0c/gitRepositoryLinks/NU394-s2025TTh-BugSnacks","verb":"create","requestedCancellation":false,"apiVersion":"v1"},"done":false}
[debug] [2025-04-07T02:32:34.302Z] Checked if tokens are valid: true, expires at: 1743995618906
[debug] [2025-04-07T02:32:34.302Z] Checked if tokens are valid: true, expires at: 1743995618906
[debug] [2025-04-07T02:32:34.302Z] >>> [apiv2][query] GET https://developerconnect.googleapis.com/v1/projects/bugsnacks2/locations/us-central1/operations/operation-1743993154270-632270c737583-c19d3869-4ffcb886 [none]
[debug] [2025-04-07T02:32:34.376Z] <<< [apiv2][status] GET https://developerconnect.googleapis.com/v1/projects/bugsnacks2/locations/us-central1/operations/operation-1743993154270-632270c737583-c19d3869-4ffcb886 200
[debug] [2025-04-07T02:32:34.376Z] <<< [apiv2][body] GET https://developerconnect.googleapis.com/v1/projects/bugsnacks2/locations/us-central1/operations/operation-1743993154270-632270c737583-c19d3869-4ffcb886 {"name":"projects/bugsnacks2/locations/us-central1/operations/operation-1743993154270-632270c737583-c19d3869-4ffcb886","metadata":{"@type":"type.googleapis.com/google.cloud.developerconnect.v1.OperationMetadata","createTime":"2025-04-07T02:32:34.287183036Z","target":"projects/bugsnacks2/locations/us-central1/connections/apphosting-github-conn-9n59c0c/gitRepositoryLinks/NU394-s2025TTh-BugSnacks","verb":"create","requestedCancellation":false,"apiVersion":"v1"},"done":false}
[debug] [2025-04-07T02:32:34.878Z] [create-us-central1-apphosting-github-conn-9n59c0c-NU394-s2025TTh-BugSnacks] Retrying task index 0
[debug] [2025-04-07T02:32:34.879Z] Checked if tokens are valid: true, expires at: 1743995618906
[debug] [2025-04-07T02:32:34.879Z] Checked if tokens are valid: true, expires at: 1743995618906
[debug] [2025-04-07T02:32:34.879Z] >>> [apiv2][query] GET https://developerconnect.googleapis.com/v1/projects/bugsnacks2/locations/us-central1/operations/operation-1743993154270-632270c737583-c19d3869-4ffcb886 [none]
[debug] [2025-04-07T02:32:34.943Z] <<< [apiv2][status] GET https://developerconnect.googleapis.com/v1/projects/bugsnacks2/locations/us-central1/operations/operation-1743993154270-632270c737583-c19d3869-4ffcb886 200
[debug] [2025-04-07T02:32:34.944Z] <<< [apiv2][body] GET https://developerconnect.googleapis.com/v1/projects/bugsnacks2/locations/us-central1/operations/operation-1743993154270-632270c737583-c19d3869-4ffcb886 {"name":"projects/bugsnacks2/locations/us-central1/operations/operation-1743993154270-632270c737583-c19d3869-4ffcb886","metadata":{"@type":"type.googleapis.com/google.cloud.developerconnect.v1.OperationMetadata","createTime":"2025-04-07T02:32:34.287183036Z","endTime":"2025-04-07T02:32:34.740495202Z","target":"projects/bugsnacks2/locations/us-central1/connections/apphosting-github-conn-9n59c0c/gitRepositoryLinks/NU394-s2025TTh-BugSnacks","verb":"create","requestedCancellation":false,"apiVersion":"v1"},"done":true,"response":{"@type":"type.googleapis.com/google.cloud.developerconnect.v1.GitRepositoryLink","name":"projects/bugsnacks2/locations/us-central1/connections/apphosting-github-conn-9n59c0c/gitRepositoryLinks/NU394-s2025TTh-BugSnacks","cloneUri":"https://github.com/NU394-s2025TTh/BugSnacks.git","createTime":"2025-04-07T02:32:34.277123728Z","updateTime":"2025-04-07T02:32:34.277123728Z"}}
[debug] [2025-04-07T02:34:17.392Z] Checked if tokens are valid: true, expires at: 1743995618906
[debug] [2025-04-07T02:34:17.393Z] Checked if tokens are valid: true, expires at: 1743995618906
[debug] [2025-04-07T02:34:17.394Z] >>> [apiv2][query] GET https://developerconnect.googleapis.com/v1/projects/bugsnacks2/locations/us-central1/connections/apphosting-github-conn-9n59c0c/gitRepositoryLinks/NU394-s2025TTh-BugSnacks:fetchGitRefs refType=BRANCH&pageSize=1000&pageToken=
[debug] [2025-04-07T02:34:17.999Z] <<< [apiv2][status] GET https://developerconnect.googleapis.com/v1/projects/bugsnacks2/locations/us-central1/connections/apphosting-github-conn-9n59c0c/gitRepositoryLinks/NU394-s2025TTh-BugSnacks:fetchGitRefs 200
[debug] [2025-04-07T02:34:17.999Z] <<< [apiv2][body] GET https://developerconnect.googleapis.com/v1/projects/bugsnacks2/locations/us-central1/connections/apphosting-github-conn-9n59c0c/gitRepositoryLinks/NU394-s2025TTh-BugSnacks:fetchGitRefs {}
[warn] ⚠  The branch "main" does not exist on "NU394-s2025TTh/BugSnacks". Please enter a valid branch for this repo. 
